SF:lib\models\user.dart
DA:14,6
DA:28,1
DA:29,1
DA:30,1
DA:31,1
DA:32,1
DA:33,1
DA:34,1
DA:35,1
DA:36,1
DA:37,1
DA:38,1
DA:39,1
DA:41,3
DA:42,2
DA:43,6
DA:44,6
DA:45,6
DA:46,6
DA:47,6
DA:48,6
DA:49,6
DA:50,6
DA:52,2
DA:53,1
DA:54,1
DA:55,1
DA:56,1
DA:57,1
DA:58,1
DA:59,1
DA:60,1
DA:61,1
DA:62,1
DA:63,1
DA:66,1
DA:67,1
DA:68,4
DA:69,4
DA:70,2
DA:72,1
DA:73,6
DA:74,12
DA:75,5
LF:44
LH:44
end_of_record
SF:lib\controllers\auth0_user_api_implementation.dart
DA:17,1
DA:18,1
DA:19,1
DA:20,1
DA:21,1
DA:22,2
DA:24,3
DA:30,1
DA:32,1
DA:34,1
DA:36,0
DA:39,1
DA:40,2
DA:41,0
DA:42,0
DA:43,0
DA:44,0
DA:49,1
DA:51,0
DA:52,0
DA:55,0
DA:58,0
DA:59,0
DA:61,0
DA:62,0
DA:63,0
DA:64,0
DA:67,1
DA:70,1
DA:73,1
DA:78,1
DA:80,0
DA:84,0
DA:87,0
DA:89,0
DA:95,0
DA:97,0
DA:100,0
DA:102,0
DA:105,0
DA:108,0
DA:109,0
DA:111,0
DA:114,0
DA:116,1
DA:124,0
DA:128,0
DA:130,0
DA:133,0
DA:135,0
DA:139,0
DA:141,0
DA:143,0
DA:144,0
DA:145,0
DA:148,0
DA:150,0
DA:159,0
DA:161,0
DA:163,0
DA:166,0
DA:170,0
DA:171,0
DA:173,0
DA:174,0
DA:176,0
DA:178,0
DA:179,0
DA:181,0
DA:185,0
DA:189,0
DA:191,0
DA:194,0
DA:196,0
DA:200,0
DA:201,0
DA:203,0
DA:204,0
DA:205,0
DA:206,0
DA:207,0
DA:209,0
DA:210,0
DA:211,0
DA:212,0
DA:219,0
DA:221,0
DA:222,0
DA:224,0
DA:233,0
DA:235,0
DA:237,0
DA:240,0
DA:242,0
DA:246,0
DA:247,0
DA:249,0
DA:250,0
DA:252,0
DA:254,0
DA:255,0
DA:257,0
DA:261,0
DA:263,0
DA:265,0
DA:268,0
DA:270,0
DA:274,0
DA:276,0
DA:278,0
DA:279,0
DA:281,0
DA:283,0
DA:284,0
DA:286,0
DA:290,0
DA:292,0
DA:294,0
DA:297,0
DA:299,0
DA:303,0
DA:305,0
DA:307,0
DA:308,0
DA:310,0
DA:312,0
DA:313,0
DA:315,0
LF:128
LH:18
end_of_record
SF:lib\models\api_response.dart
DA:5,1
LF:1
LH:1
end_of_record
SF:lib\models\password_reset.dart
DA:7,2
DA:14,2
DA:15,1
DA:16,1
DA:17,1
DA:18,1
LF:6
LH:6
end_of_record
SF:lib\controllers\place_api.dart
DA:24,2
DA:25,2
DA:35,0
DA:37,0
DA:38,0
DA:41,0
DA:43,0
DA:47,0
DA:53,0
DA:55,0
DA:59,0
DA:61,0
DA:62,0
DA:64,0
DA:65,0
DA:66,0
DA:67,0
DA:68,0
DA:69,0
DA:70,0
DA:71,0
DA:72,0
DA:73,0
DA:74,0
DA:75,0
DA:76,0
DA:79,0
DA:80,0
DA:82,0
DA:83,0
DA:85,0
DA:93,0
DA:94,0
DA:95,0
DA:97,0
DA:98,0
DA:103,0
DA:104,0
DA:106,0
DA:110,0
DA:111,0
DA:112,0
DA:113,0
DA:116,0
DA:118,0
DA:119,0
DA:120,0
DA:122,0
DA:124,0
DA:126,0
DA:128,0
DA:130,0
DA:132,0
DA:134,0
DA:136,0
DA:138,0
DA:140,0
DA:143,0
DA:146,0
DA:149,0
DA:150,0
DA:151,0
DA:154,0
DA:156,0
LF:64
LH:2
end_of_record
SF:lib\models\autofill_place.dart
DA:8,1
DA:11,0
DA:13,0
LF:3
LH:1
end_of_record
SF:lib\models\autofill_suggestion.dart
DA:12,2
DA:15,0
DA:18,0
LF:3
LH:1
end_of_record
SF:lib\utils\constants.dart
DA:26,3
DA:37,6
LF:2
LH:2
end_of_record
SF:lib\models\api_exception.dart
DA:7,1
DA:9,2
DA:10,1
DA:16,1
LF:4
LH:4
end_of_record
SF:lib\controllers\user_provider.dart
DA:13,5
DA:15,5
DA:16,0
DA:18,0
DA:20,0
DA:21,0
DA:24,0
DA:30,4
DA:39,8
DA:42,4
DA:43,8
DA:46,4
DA:47,4
DA:48,4
DA:49,4
DA:50,4
DA:51,4
DA:52,4
DA:53,4
DA:54,4
DA:55,4
DA:58,4
DA:61,8
DA:62,4
DA:63,4
DA:64,4
DA:65,4
DA:75,4
DA:78,1
DA:79,2
DA:82,1
DA:83,2
DA:84,1
DA:87,0
DA:88,0
DA:91,0
DA:92,0
DA:94,0
DA:95,0
DA:97,0
DA:102,8
DA:104,4
DA:106,4
LF:43
LH:31
end_of_record
SF:lib\models\connected_applications_model.dart
DA:8,2
DA:16,4
DA:17,2
DA:18,2
DA:19,2
DA:20,6
DA:21,6
DA:22,2
DA:23,2
DA:26,2
DA:27,1
DA:28,1
DA:29,1
DA:30,1
DA:31,1
LF:15
LH:15
end_of_record
SF:lib\views\dialogs\authenticator.dart
DA:14,1
DA:20,1
DA:21,1
DA:41,1
DA:43,1
DA:45,3
DA:46,3
DA:48,3
DA:49,2
DA:53,1
DA:55,2
DA:56,2
DA:57,1
DA:60,1
DA:61,2
DA:62,2
DA:67,0
DA:71,2
DA:72,1
DA:73,2
DA:74,0
DA:79,2
DA:82,3
DA:85,1
DA:87,2
DA:88,1
DA:91,3
DA:95,1
DA:96,3
DA:97,2
DA:101,4
DA:102,2
DA:104,2
DA:105,2
DA:106,2
DA:107,2
DA:109,1
DA:111,0
DA:112,0
DA:118,1
DA:120,2
DA:121,1
DA:124,2
DA:128,1
DA:129,1
DA:130,1
DA:133,4
DA:134,2
DA:135,3
DA:136,3
DA:142,0
DA:143,0
DA:149,2
DA:151,1
DA:152,1
DA:154,1
DA:155,1
DA:156,1
DA:157,4
DA:158,1
DA:164,1
DA:165,1
DA:166,1
DA:168,1
DA:177,1
DA:180,1
DA:182,1
DA:183,0
DA:184,0
DA:186,1
DA:190,1
DA:191,2
DA:196,1
DA:197,1
DA:199,1
DA:200,2
DA:201,2
DA:204,1
DA:206,1
DA:213,2
DA:214,0
DA:222,2
DA:224,1
DA:225,1
DA:227,1
DA:228,1
DA:229,1
DA:230,1
DA:231,1
DA:237,1
DA:238,1
DA:239,1
DA:241,1
DA:250,1
DA:251,1
DA:257,1
DA:258,1
DA:273,2
DA:275,1
DA:276,1
DA:278,1
DA:279,1
DA:280,1
DA:281,3
DA:282,1
DA:288,1
DA:289,1
DA:290,1
DA:292,1
DA:297,1
DA:299,1
DA:303,1
DA:304,2
DA:309,1
DA:310,2
DA:311,1
DA:317,2
DA:318,0
DA:326,2
DA:327,1
DA:328,1
DA:329,1
DA:332,2
DA:335,1
DA:336,1
DA:338,1
DA:339,2
DA:340,1
DA:343,2
DA:345,3
DA:350,1
DA:352,3
DA:353,1
DA:356,0
DA:357,0
DA:360,1
DA:361,1
LF:137
LH:125
end_of_record
SF:lib\views\dialogs\mobile.dart
DA:15,1
DA:22,1
DA:23,1
DA:52,1
DA:54,1
DA:56,3
DA:57,3
DA:58,3
DA:60,3
DA:61,2
DA:65,1
DA:67,2
DA:68,2
DA:69,1
DA:72,2
DA:73,1
DA:74,3
DA:76,2
DA:79,1
DA:84,1
DA:85,4
DA:86,1
DA:90,1
DA:91,3
DA:92,1
DA:98,2
DA:100,1
DA:101,2
DA:106,2
DA:107,0
DA:108,0
DA:109,0
DA:115,1
DA:116,2
DA:117,2
DA:118,2
DA:121,0
DA:125,1
DA:126,2
DA:127,1
DA:130,3
DA:134,1
DA:135,3
DA:136,2
DA:138,1
DA:139,1
DA:142,4
DA:143,2
DA:145,2
DA:146,2
DA:147,1
DA:152,1
DA:153,2
DA:154,1
DA:157,2
DA:161,1
DA:162,1
DA:163,1
DA:164,1
DA:167,4
DA:168,2
DA:169,3
DA:170,4
DA:173,3
DA:179,2
DA:182,1
DA:183,1
DA:184,1
DA:187,1
DA:188,0
DA:190,0
DA:191,0
DA:197,3
DA:198,1
DA:200,1
DA:207,1
DA:209,1
DA:216,0
DA:217,0
DA:219,0
DA:220,0
DA:221,0
DA:224,1
DA:228,1
DA:229,1
DA:241,2
DA:242,1
DA:243,1
DA:245,1
DA:253,1
DA:256,1
DA:258,1
DA:259,1
DA:263,1
DA:264,2
DA:269,1
DA:270,1
DA:272,1
DA:273,2
DA:274,2
DA:277,1
DA:278,1
DA:285,2
DA:286,0
DA:292,3
DA:293,1
DA:295,1
DA:297,1
DA:299,1
DA:303,1
DA:304,2
DA:309,1
DA:310,2
DA:311,1
DA:317,2
DA:318,0
DA:323,2
DA:324,1
DA:325,1
DA:326,1
DA:329,2
DA:331,3
DA:334,1
DA:336,3
DA:337,1
DA:339,1
DA:343,0
DA:344,0
DA:347,1
DA:348,1
DA:350,6
DA:351,5
LF:132
LH:116
end_of_record
SF:lib\views\screens\advanced_security_screen.dart
DA:18,3
DA:24,1
DA:25,1
DA:33,1
DA:34,1
DA:35,1
DA:44,1
DA:46,1
DA:47,3
DA:48,3
DA:49,1
DA:52,1
DA:53,2
DA:54,2
DA:58,1
DA:59,5
DA:60,2
DA:61,2
DA:63,1
DA:65,1
DA:67,1
DA:70,1
DA:71,2
DA:74,2
DA:75,1
DA:77,1
DA:79,2
DA:81,1
DA:82,2
DA:83,1
DA:84,1
DA:87,1
DA:88,1
DA:89,1
DA:91,1
DA:93,1
DA:94,1
DA:95,1
DA:96,1
DA:98,1
DA:99,1
DA:108,1
DA:109,3
DA:111,4
DA:112,2
DA:113,2
DA:115,3
DA:116,3
DA:121,2
DA:123,1
DA:124,1
DA:126,1
DA:127,1
DA:135,0
DA:136,0
DA:137,0
DA:138,0
DA:140,0
DA:141,0
DA:146,0
DA:147,0
DA:148,0
DA:154,1
DA:155,1
DA:156,1
DA:157,1
DA:158,2
DA:159,1
DA:161,1
DA:163,1
DA:165,1
DA:166,1
DA:175,1
DA:177,1
DA:184,1
DA:185,1
DA:187,2
DA:189,2
DA:201,1
DA:202,1
DA:204,1
DA:205,1
DA:208,1
DA:210,1
DA:211,2
DA:216,2
DA:217,1
DA:218,2
DA:219,1
DA:226,1
DA:228,1
DA:229,1
DA:231,1
DA:232,1
DA:233,1
DA:234,1
DA:236,2
DA:237,1
DA:238,1
DA:249,1
DA:251,1
DA:253,1
DA:254,1
DA:256,2
DA:258,2
DA:271,1
DA:272,1
DA:274,1
DA:275,1
DA:278,1
DA:280,1
DA:281,2
DA:286,2
DA:287,1
DA:288,2
DA:289,1
DA:296,1
DA:298,1
DA:299,1
DA:301,1
DA:302,1
DA:303,1
DA:304,1
DA:307,2
DA:308,1
DA:309,2
DA:310,1
DA:322,1
DA:324,1
DA:326,1
DA:327,1
DA:329,0
DA:333,1
DA:335,1
DA:336,1
DA:338,1
DA:339,1
DA:340,1
DA:341,1
DA:344,2
DA:345,1
DA:346,2
DA:347,1
LF:143
LH:133
end_of_record
SF:lib\controllers\overlay_provider.dart
DA:6,4
DA:8,3
DA:9,3
DA:10,3
DA:13,2
DA:14,2
DA:15,2
LF:7
LH:7
end_of_record
SF:lib\views\screens\password_screen.dart
DA:15,3
DA:20,2
DA:21,2
DA:39,2
DA:41,2
DA:43,2
DA:45,2
DA:47,2
DA:48,6
DA:51,1
DA:52,3
DA:54,2
DA:55,1
DA:58,2
DA:60,1
DA:61,3
DA:62,1
DA:63,1
DA:64,3
DA:67,4
DA:68,2
DA:69,2
DA:70,4
DA:73,1
DA:78,2
DA:79,3
DA:82,0
DA:83,0
DA:91,4
DA:92,6
DA:93,4
DA:95,2
DA:97,4
DA:98,4
DA:100,2
DA:101,2
DA:102,2
DA:104,2
DA:113,2
DA:114,2
DA:119,1
DA:120,2
DA:125,2
DA:128,2
DA:130,1
DA:131,2
DA:132,2
DA:135,2
DA:136,2
DA:140,1
DA:141,2
DA:142,1
DA:143,2
DA:148,2
DA:149,2
DA:154,1
DA:155,2
DA:159,3
DA:166,2
DA:169,2
DA:171,1
DA:172,2
DA:173,2
DA:176,2
DA:177,2
DA:181,1
DA:182,2
DA:183,1
DA:184,2
DA:185,4
DA:190,2
DA:191,2
DA:196,2
DA:197,4
DA:198,2
DA:199,2
DA:200,2
DA:201,4
DA:207,2
DA:208,2
DA:213,1
DA:214,2
DA:217,2
DA:222,2
DA:225,2
DA:227,1
DA:228,2
DA:229,2
DA:232,2
DA:233,2
DA:237,1
DA:238,2
DA:239,1
DA:240,2
DA:244,2
DA:246,2
DA:247,4
DA:248,5
DA:249,2
DA:250,2
DA:251,4
LF:101
LH:99
end_of_record
SF:lib\views\screens\home_screen.dart
DA:14,2
DA:16,2
DA:17,2
DA:28,2
DA:30,2
DA:33,1
DA:34,1
DA:35,1
DA:37,2
DA:46,1
DA:47,1
DA:49,1
DA:50,2
DA:53,1
DA:55,1
DA:56,2
DA:57,2
DA:58,1
DA:65,1
DA:67,3
DA:68,1
DA:71,2
DA:73,0
DA:74,0
DA:75,0
DA:78,0
DA:79,0
DA:80,0
DA:83,0
DA:84,0
DA:85,0
DA:88,0
DA:89,0
DA:93,2
DA:94,1
DA:99,3
DA:102,4
DA:103,2
DA:104,2
DA:106,2
DA:107,2
DA:109,2
DA:110,2
DA:111,2
DA:115,2
DA:118,4
DA:119,4
DA:120,4
DA:121,6
DA:122,4
DA:125,2
DA:127,2
DA:128,2
DA:129,2
DA:131,2
DA:133,2
DA:134,2
DA:135,2
DA:138,4
DA:147,2
DA:148,2
DA:149,2
DA:150,2
DA:151,2
DA:153,4
DA:194,2
DA:195,2
DA:196,2
DA:197,2
DA:201,2
DA:203,2
DA:204,2
DA:205,2
DA:207,6
DA:213,4
DA:214,0
DA:215,0
DA:222,0
DA:228,2
DA:230,2
DA:233,2
DA:237,2
DA:238,2
DA:242,0
DA:243,0
DA:244,0
DA:250,2
DA:251,2
DA:255,0
DA:256,0
DA:257,0
LF:91
LH:71
end_of_record
SF:lib\main.dart
DA:10,0
DA:11,0
DA:13,0
DA:14,0
DA:15,0
DA:16,0
DA:17,0
DA:25,4
DA:27,2
DA:28,2
DA:29,2
DA:30,2
DA:32,2
DA:34,2
DA:42,0
DA:43,0
LF:16
LH:7
end_of_record
SF:lib\views\screens\profile_screen.dart
DA:24,2
DA:26,2
DA:27,2
DA:57,2
DA:59,2
DA:61,6
DA:62,6
DA:63,6
DA:66,1
DA:68,4
DA:69,2
DA:70,5
DA:71,1
DA:72,2
DA:74,0
DA:76,4
DA:79,1
DA:82,1
DA:84,0
DA:85,0
DA:91,0
DA:93,0
DA:94,0
DA:95,0
DA:98,0
DA:99,0
DA:100,0
DA:101,0
DA:103,0
DA:104,0
DA:105,0
DA:107,0
DA:111,0
DA:112,0
DA:113,0
DA:114,0
DA:116,0
DA:117,0
DA:118,0
DA:120,0
DA:124,0
DA:125,0
DA:126,0
DA:127,0
DA:132,2
DA:133,2
DA:136,2
DA:139,2
DA:140,2
DA:142,2
DA:147,4
DA:148,4
DA:149,4
DA:150,4
DA:151,4
DA:152,2
DA:155,2
DA:156,2
DA:158,8
DA:159,8
DA:160,8
DA:161,8
DA:162,8
DA:164,0
DA:168,2
DA:171,2
DA:172,6
DA:173,6
DA:174,2
DA:177,2
DA:178,4
DA:180,0
DA:182,6
DA:183,2
DA:184,2
DA:189,2
DA:196,4
DA:198,4
DA:199,4
DA:202,4
DA:205,2
DA:207,2
DA:208,2
DA:209,2
DA:210,2
DA:212,2
DA:213,2
DA:214,1
DA:215,3
DA:218,2
DA:219,2
DA:221,2
DA:223,2
DA:224,2
DA:226,3
DA:227,1
DA:228,0
DA:229,1
DA:231,1
DA:233,1
DA:235,2
DA:236,2
DA:239,2
DA:243,2
DA:246,2
DA:247,2
DA:248,4
DA:255,1
DA:256,2
DA:260,2
DA:266,1
DA:267,2
DA:268,2
DA:273,2
DA:276,2
DA:277,2
DA:278,4
DA:285,1
DA:286,2
DA:290,2
DA:296,1
DA:297,2
DA:298,2
DA:303,2
DA:311,1
DA:312,2
DA:313,3
DA:315,0
DA:318,1
DA:319,3
DA:320,0
DA:321,0
DA:324,2
DA:325,0
DA:326,0
DA:331,2
DA:336,2
DA:337,4
DA:358,2
DA:360,2
DA:366,0
DA:368,0
DA:369,0
DA:370,0
DA:373,0
DA:374,0
DA:376,0
DA:378,0
DA:381,0
DA:387,0
DA:388,0
DA:391,2
DA:392,2
DA:393,4
DA:397,2
DA:398,2
DA:399,2
DA:400,0
DA:401,0
DA:402,0
DA:406,2
DA:408,0
DA:409,0
DA:410,0
DA:412,2
DA:414,2
DA:416,2
DA:418,2
DA:419,2
DA:422,1
DA:423,2
DA:427,2
DA:429,2
DA:430,2
DA:431,2
DA:434,1
DA:435,2
DA:439,2
DA:441,2
DA:442,2
DA:443,2
DA:446,1
DA:447,2
DA:451,2
DA:453,2
DA:454,2
DA:455,2
DA:457,1
DA:458,2
LF:189
LH:137
end_of_record
